app/build/intermediates/manifest_merge_blame_file/debug/manifest-merger-blame-debug-report.txt
1<?xml version="1.0" encoding="utf-8"?>
2<manifest xmlns:android="http://schemas.android.com/apk/res/android"
3    package="com.example.project3_androidapp"
4    android:versionCode="1"
5    android:versionName="1.0" >
6
7    <uses-sdk
8        android:minSdkVersion="21"
8-->src\main\AndroidManifest.xml
9        android:targetSdkVersion="31" />
9-->src\main\AndroidManifest.xml
10
11    <!-- Although the *SdkVersion is captured in gradle build files, this is required for non gradle builds -->
12    <!-- <uses-sdk android:minSdkVersion="14" /> -->
13    <uses-permission android:name="android.permission.ACCESS_NETWORK_STATE" />
13-->[com.google.firebase:firebase-firestore:24.0.1] AndroidManifest.xml:13:5-79
13-->[com.google.firebase:firebase-firestore:24.0.1] AndroidManifest.xml:13:22-76
14    <uses-permission android:name="android.permission.INTERNET" />
14-->[com.google.firebase:firebase-firestore:24.0.1] AndroidManifest.xml:14:5-67
14-->[com.google.firebase:firebase-firestore:24.0.1] AndroidManifest.xml:14:22-64
15    <uses-permission android:name="android.permission.WAKE_LOCK" />
15-->[com.google.android.gms:play-services-measurement:17.2.0] AndroidManifest.xml:25:5-68
15-->[com.google.android.gms:play-services-measurement:17.2.0] AndroidManifest.xml:25:22-65
16    <uses-permission android:name="com.google.android.finsky.permission.BIND_GET_INSTALL_REFERRER_SERVICE" /> <!-- Required by older versions of Google Play services to create IID tokens -->
16-->[com.google.android.gms:play-services-measurement:17.2.0] AndroidManifest.xml:26:5-110
16-->[com.google.android.gms:play-services-measurement:17.2.0] AndroidManifest.xml:26:22-107
17    <uses-permission android:name="com.google.android.c2dm.permission.RECEIVE" />
17-->[com.google.firebase:firebase-iid:19.0.0] AndroidManifest.xml:26:5-82
17-->[com.google.firebase:firebase-iid:19.0.0] AndroidManifest.xml:26:22-79
18
19    <application
19-->src\main\AndroidManifest.xml:5:5-48:19
20        android:allowBackup="true"
20-->src\main\AndroidManifest.xml:6:9-35
21        android:appComponentFactory="androidx.core.app.CoreComponentFactory"
21-->[androidx.core:core:1.7.0] AndroidManifest.xml:24:18-86
22        android:debuggable="true"
23        android:icon="@mipmap/ic_launcher"
23-->src\main\AndroidManifest.xml:7:9-43
24        android:label="@string/app_name"
24-->src\main\AndroidManifest.xml:8:9-41
25        android:roundIcon="@mipmap/ic_launcher_round"
25-->src\main\AndroidManifest.xml:9:9-54
26        android:supportsRtl="true"
26-->src\main\AndroidManifest.xml:10:9-35
27        android:testOnly="true"
28        android:theme="@style/Theme.Project3_androidApp" >
28-->src\main\AndroidManifest.xml:11:9-57
29        <activity
29-->src\main\AndroidManifest.xml:12:9-14:40
30            android:name="com.example.project3_androidapp.activities.LoadingActivity"
30-->src\main\AndroidManifest.xml:13:13-55
31            android:exported="false" />
31-->src\main\AndroidManifest.xml:14:13-37
32        <activity
32-->src\main\AndroidManifest.xml:15:9-17:40
33            android:name="com.example.project3_androidapp.activities.FriendsProfileActivity"
33-->src\main\AndroidManifest.xml:16:13-62
34            android:exported="false" />
34-->src\main\AndroidManifest.xml:17:13-37
35        <activity
35-->src\main\AndroidManifest.xml:18:9-20:40
36            android:name="com.example.project3_androidapp.activities.AddCardsActivity"
36-->src\main\AndroidManifest.xml:19:13-56
37            android:exported="false" />
37-->src\main\AndroidManifest.xml:20:13-37
38        <activity
38-->src\main\AndroidManifest.xml:21:9-23:40
39            android:name="com.example.project3_androidapp.activities.EditProfileActivity"
39-->src\main\AndroidManifest.xml:22:13-59
40            android:exported="false" />
40-->src\main\AndroidManifest.xml:23:13-37
41        <activity
41-->src\main\AndroidManifest.xml:24:9-26:40
42            android:name="com.example.project3_androidapp.activities.CreateTransactionActivity"
42-->src\main\AndroidManifest.xml:25:13-65
43            android:exported="false" />
43-->src\main\AndroidManifest.xml:26:13-37
44        <activity
44-->src\main\AndroidManifest.xml:27:9-29:40
45            android:name="com.example.project3_androidapp.activities.TransactionsActivity"
45-->src\main\AndroidManifest.xml:28:13-60
46            android:exported="false" />
46-->src\main\AndroidManifest.xml:29:13-37
47        <activity
47-->src\main\AndroidManifest.xml:30:9-32:40
48            android:name="com.example.project3_androidapp.activities.ProfileActivity"
48-->src\main\AndroidManifest.xml:31:13-55
49            android:exported="false" />
49-->src\main\AndroidManifest.xml:32:13-37
50        <activity
50-->src\main\AndroidManifest.xml:33:9-35:40
51            android:name="com.example.project3_androidapp.activities.LoginActivity"
51-->src\main\AndroidManifest.xml:34:13-53
52            android:exported="false" />
52-->src\main\AndroidManifest.xml:35:13-37
53        <activity
53-->src\main\AndroidManifest.xml:36:9-38:40
54            android:name="com.example.project3_androidapp.activities.registerActivity"
54-->src\main\AndroidManifest.xml:37:13-56
55            android:exported="false" />
55-->src\main\AndroidManifest.xml:38:13-37
56        <activity
56-->src\main\AndroidManifest.xml:39:9-47:20
57            android:name="com.example.project3_androidapp.activities.MainActivity"
57-->src\main\AndroidManifest.xml:40:13-52
58            android:exported="true" >
58-->src\main\AndroidManifest.xml:41:13-36
59            <intent-filter>
59-->src\main\AndroidManifest.xml:42:13-46:29
60                <action android:name="android.intent.action.MAIN" />
60-->src\main\AndroidManifest.xml:43:17-69
60-->src\main\AndroidManifest.xml:43:25-66
61
62                <category android:name="android.intent.category.LAUNCHER" />
62-->src\main\AndroidManifest.xml:45:17-77
62-->src\main\AndroidManifest.xml:45:27-74
63            </intent-filter>
64        </activity>
65
66        <service
66-->[androidx.room:room-runtime:2.4.1] AndroidManifest.xml:25:9-28:40
67            android:name="androidx.room.MultiInstanceInvalidationService"
67-->[androidx.room:room-runtime:2.4.1] AndroidManifest.xml:26:13-74
68            android:directBootAware="true"
68-->[androidx.room:room-runtime:2.4.1] AndroidManifest.xml:27:13-43
69            android:exported="false" />
69-->[androidx.room:room-runtime:2.4.1] AndroidManifest.xml:28:13-37
70        <service
70-->[com.google.firebase:firebase-firestore:24.0.1] AndroidManifest.xml:17:9-23:19
71            android:name="com.google.firebase.components.ComponentDiscoveryService"
71-->[com.google.firebase:firebase-firestore:24.0.1] AndroidManifest.xml:18:13-84
72            android:directBootAware="true"
72-->[com.google.firebase:firebase-common:20.0.0] AndroidManifest.xml:35:13-43
73            android:exported="false" >
73-->[com.google.firebase:firebase-firestore:24.0.1] AndroidManifest.xml:19:13-37
74            <meta-data
74-->[com.google.firebase:firebase-firestore:24.0.1] AndroidManifest.xml:20:13-22:85
75                android:name="com.google.firebase.components:com.google.firebase.firestore.FirestoreRegistrar"
75-->[com.google.firebase:firebase-firestore:24.0.1] AndroidManifest.xml:21:17-111
76                android:value="com.google.firebase.components.ComponentRegistrar" />
76-->[com.google.firebase:firebase-firestore:24.0.1] AndroidManifest.xml:22:17-82
77            <meta-data
77-->[com.google.android.gms:play-services-measurement-api:17.2.0] AndroidManifest.xml:30:13-32:85
78                android:name="com.google.firebase.components:com.google.firebase.analytics.connector.internal.AnalyticsConnectorRegistrar"
78-->[com.google.android.gms:play-services-measurement-api:17.2.0] AndroidManifest.xml:31:17-139
79                android:value="com.google.firebase.components.ComponentRegistrar" />
79-->[com.google.android.gms:play-services-measurement-api:17.2.0] AndroidManifest.xml:32:17-82
80            <meta-data
80-->[com.google.firebase:firebase-iid:19.0.0] AndroidManifest.xml:32:13-34:85
81                android:name="com.google.firebase.components:com.google.firebase.iid.Registrar"
81-->[com.google.firebase:firebase-iid:19.0.0] AndroidManifest.xml:33:17-96
82                android:value="com.google.firebase.components.ComponentRegistrar" />
82-->[com.google.firebase:firebase-iid:19.0.0] AndroidManifest.xml:34:17-82
83        </service>
84
85        <receiver
85-->[com.google.android.gms:play-services-measurement:17.2.0] AndroidManifest.xml:29:9-33:20
86            android:name="com.google.android.gms.measurement.AppMeasurementReceiver"
86-->[com.google.android.gms:play-services-measurement:17.2.0] AndroidManifest.xml:30:13-85
87            android:enabled="true"
87-->[com.google.android.gms:play-services-measurement:17.2.0] AndroidManifest.xml:31:13-35
88            android:exported="false" >
88-->[com.google.android.gms:play-services-measurement:17.2.0] AndroidManifest.xml:32:13-37
89        </receiver>
90        <receiver
90-->[com.google.android.gms:play-services-measurement:17.2.0] AndroidManifest.xml:34:9-42:20
91            android:name="com.google.android.gms.measurement.AppMeasurementInstallReferrerReceiver"
91-->[com.google.android.gms:play-services-measurement:17.2.0] AndroidManifest.xml:35:13-100
92            android:enabled="true"
92-->[com.google.android.gms:play-services-measurement:17.2.0] AndroidManifest.xml:36:13-35
93            android:exported="true"
93-->[com.google.android.gms:play-services-measurement:17.2.0] AndroidManifest.xml:37:13-36
94            android:permission="android.permission.INSTALL_PACKAGES" >
94-->[com.google.android.gms:play-services-measurement:17.2.0] AndroidManifest.xml:38:13-69
95            <intent-filter>
95-->[com.google.android.gms:play-services-measurement:17.2.0] AndroidManifest.xml:39:13-41:29
96                <action android:name="com.android.vending.INSTALL_REFERRER" />
96-->[com.google.android.gms:play-services-measurement:17.2.0] AndroidManifest.xml:40:17-79
96-->[com.google.android.gms:play-services-measurement:17.2.0] AndroidManifest.xml:40:25-76
97            </intent-filter>
98        </receiver>
99
100        <service
100-->[com.google.android.gms:play-services-measurement:17.2.0] AndroidManifest.xml:44:9-47:40
101            android:name="com.google.android.gms.measurement.AppMeasurementService"
101-->[com.google.android.gms:play-services-measurement:17.2.0] AndroidManifest.xml:45:13-84
102            android:enabled="true"
102-->[com.google.android.gms:play-services-measurement:17.2.0] AndroidManifest.xml:46:13-35
103            android:exported="false" />
103-->[com.google.android.gms:play-services-measurement:17.2.0] AndroidManifest.xml:47:13-37
104        <service
104-->[com.google.android.gms:play-services-measurement:17.2.0] AndroidManifest.xml:48:9-52:72
105            android:name="com.google.android.gms.measurement.AppMeasurementJobService"
105-->[com.google.android.gms:play-services-measurement:17.2.0] AndroidManifest.xml:49:13-87
106            android:enabled="true"
106-->[com.google.android.gms:play-services-measurement:17.2.0] AndroidManifest.xml:50:13-35
107            android:exported="false"
107-->[com.google.android.gms:play-services-measurement:17.2.0] AndroidManifest.xml:51:13-37
108            android:permission="android.permission.BIND_JOB_SERVICE" />
108-->[com.google.android.gms:play-services-measurement:17.2.0] AndroidManifest.xml:52:13-69
109
110        <receiver
110-->[com.google.firebase:firebase-iid:19.0.0] AndroidManifest.xml:37:9-44:20
111            android:name="com.google.firebase.iid.FirebaseInstanceIdReceiver"
111-->[com.google.firebase:firebase-iid:19.0.0] AndroidManifest.xml:38:13-78
112            android:exported="true"
112-->[com.google.firebase:firebase-iid:19.0.0] AndroidManifest.xml:39:13-36
113            android:permission="com.google.android.c2dm.permission.SEND" >
113-->[com.google.firebase:firebase-iid:19.0.0] AndroidManifest.xml:40:13-73
114            <intent-filter>
114-->[com.google.firebase:firebase-iid:19.0.0] AndroidManifest.xml:41:13-43:29
115                <action android:name="com.google.android.c2dm.intent.RECEIVE" />
115-->[com.google.firebase:firebase-iid:19.0.0] AndroidManifest.xml:42:17-81
115-->[com.google.firebase:firebase-iid:19.0.0] AndroidManifest.xml:42:25-78
116            </intent-filter>
117        </receiver>
118
119        <provider
119-->[com.google.firebase:firebase-common:20.0.0] AndroidManifest.xml:26:9-31:39
120            android:name="com.google.firebase.provider.FirebaseInitProvider"
120-->[com.google.firebase:firebase-common:20.0.0] AndroidManifest.xml:27:13-77
121            android:authorities="com.example.project3_androidapp.firebaseinitprovider"
121-->[com.google.firebase:firebase-common:20.0.0] AndroidManifest.xml:28:13-72
122            android:directBootAware="true"
122-->[com.google.firebase:firebase-common:20.0.0] AndroidManifest.xml:29:13-43
123            android:exported="false"
123-->[com.google.firebase:firebase-common:20.0.0] AndroidManifest.xml:30:13-37
124            android:initOrder="100" />
124-->[com.google.firebase:firebase-common:20.0.0] AndroidManifest.xml:31:13-36
125
126        <activity
126-->[com.google.android.gms:play-services-base:17.1.0] AndroidManifest.xml:23:9-26:75
127            android:name="com.google.android.gms.common.api.GoogleApiActivity"
127-->[com.google.android.gms:play-services-base:17.1.0] AndroidManifest.xml:24:13-79
128            android:exported="false"
128-->[com.google.android.gms:play-services-base:17.1.0] AndroidManifest.xml:25:13-37
129            android:theme="@android:style/Theme.Translucent.NoTitleBar" />
129-->[com.google.android.gms:play-services-base:17.1.0] AndroidManifest.xml:26:13-72
130
131        <meta-data
131-->[com.google.android.gms:play-services-basement:17.0.0] AndroidManifest.xml:23:9-25:69
132            android:name="com.google.android.gms.version"
132-->[com.google.android.gms:play-services-basement:17.0.0] AndroidManifest.xml:24:13-58
133            android:value="@integer/google_play_services_version" />
133-->[com.google.android.gms:play-services-basement:17.0.0] AndroidManifest.xml:25:13-66
134
135        <provider
135-->[androidx.emoji2:emoji2:1.0.0] AndroidManifest.xml:26:9-34:20
136            android:name="androidx.startup.InitializationProvider"
136-->[androidx.emoji2:emoji2:1.0.0] AndroidManifest.xml:27:13-67
137            android:authorities="com.example.project3_androidapp.androidx-startup"
137-->[androidx.emoji2:emoji2:1.0.0] AndroidManifest.xml:28:13-68
138            android:exported="false" >
138-->[androidx.emoji2:emoji2:1.0.0] AndroidManifest.xml:29:13-37
139            <meta-data
139-->[androidx.emoji2:emoji2:1.0.0] AndroidManifest.xml:31:13-33:52
140                android:name="androidx.emoji2.text.EmojiCompatInitializer"
140-->[androidx.emoji2:emoji2:1.0.0] AndroidManifest.xml:32:17-75
141                android:value="androidx.startup" />
141-->[androidx.emoji2:emoji2:1.0.0] AndroidManifest.xml:33:17-49
142            <meta-data
142-->[androidx.lifecycle:lifecycle-process:2.4.0] AndroidManifest.xml:31:13-33:52
143                android:name="androidx.lifecycle.ProcessLifecycleInitializer"
143-->[androidx.lifecycle:lifecycle-process:2.4.0] AndroidManifest.xml:32:17-78
144                android:value="androidx.startup" />
144-->[androidx.lifecycle:lifecycle-process:2.4.0] AndroidManifest.xml:33:17-49
145        </provider>
146    </application>
147
148</manifest>